<?xml version="1.0" encoding="UTF-8" ?>
<testsuite tests="17" failures="0" name="org.example.ExampleTest" time="5.183" errors="0" skipped="0">
  <properties>
[...]
</properties>
  <testcase classname="org.example.ExampleTest" name="org.example.ExampleTest.testCalcularMediaExceptionNull" time="0.104"/>
  <testcase classname="org.example.ExampleTest" name="org.example.ExampleTest.testConvertirListaAString" time="0.01"/>
  <testcase classname="org.example.ExampleTest" name="org.example.ExampleTest.testEsPrimoMenorQueUno" time="0"/>
  <testcase classname="org.example.ExampleTest" name="org.example.ExampleTest.testCheckPositivoError" time="0"/>
  <testcase classname="org.example.ExampleTest" name="org.example.ExampleTest.testContieneElemento" time="0.01"/>
  <testcase classname="org.example.ExampleTest" name="org.example.ExampleTest.testRevertirCadenas" time="0"/>
  <testcase classname="org.example.ExampleTest" name="org.example.ExampleTest.testMensajeConRetraso" time="5.012"/>
  <testcase classname="org.example.ExampleTest" name="org.example.ExampleTest.testCalcularMediaExceptionEmpty" time="0"/>
  <testcase classname="org.example.ExampleTest" name="org.example.ExampleTest.testConvertirAString" time="0"/>
  <testcase classname="org.example.ExampleTest" name="org.example.ExampleTest.testSumar" time="0.031"/>
  <testcase classname="org.example.ExampleTest" name="org.example.ExampleTest.testCheckPositivo" time="0"/>
  <testcase classname="org.example.ExampleTest" name="org.example.ExampleTest.testContarLetrasA" time="0"/>
  <testcase classname="org.example.ExampleTest" name="org.example.ExampleTest.testFactorialError" time="0.016"/>
  <testcase classname="org.example.ExampleTest" name="org.example.ExampleTest.testEsPrimo" time="0"/>
  <testcase classname="org.example.ExampleTest" name="org.example.ExampleTest.testCalcularMedia" time="0"/>
  <testcase classname="org.example.ExampleTest" name="org.example.ExampleTest.testFactorial" time="0"/>
  <testcase classname="org.example.ExampleTest" name="org.example.ExampleTest.testNoEsPrimo" time="0"/>
</testsuite>